Build started 3. 5. 2015 23:18:11.
     1>Project "D:\_Research\Projects\Statistical_testing\Batteries DIEHARD NIST TESTU01\NIST STS\NIST\NIST\NIST.vcxproj" on node 2 (Build target(s)).
     1>ClCompile:
         C:\Program Files (x86)\Microsoft Visual Studio 12.0\VC\bin\CL.exe /c /ZI /nologo /W3 /WX- /Od /Oy- /D WIN32 /D _DEBUG /D _CONSOLE /D _UNICODE /D UNICODE /Gm /EHsc /RTC1 /MDd /GS /fp:precise /Zc:wchar_t /Zc:forScope /Fo"Debug\\" /Fd"Debug\vc120.pdb" /Gd /TC /analyze- /errorReport:prompt ..\src\approximateEntropy.c ..\src\assess.c ..\src\blockFrequency.c ..\src\BM.c ..\src\BMA.c ..\src\cephes.c ..\src\cusum.c ..\src\dfft.c ..\src\discreteFourierTransform.c ..\src\erf.c ..\src\frequency.c ..\src\generators.c ..\src\genutils.c ..\src\linearComplexity.c ..\src\longestRunOfOnes.c ..\src\LUTs.c "..\src\main-correctness.c" ..\src\matrix.c ..\src\nonOverlappingTemplateMatchings.c ..\src\overlappingTemplateMatchings.c ..\src\randomExcursions.c ..\src\randomExcursionsVariant.c ..\src\rank.c ..\src\runs.c ..\src\serial.c ..\src\tools.c ..\src\universal.c ..\src\utilities.c
         utilities.c
     1>d:\_research\projects\statistical_testing\batteries diehard nist testu01\nist sts\nist\src\utilities.c(27): warning C4996: 'scanf': This function or variable may be unsafe. Consider using scanf_s instead. To disable deprecation, use _CRT_SECURE_NO_WARNINGS. See online help for details.
                 c:\program files (x86)\microsoft visual studio 12.0\vc\include\stdio.h(283) : see declaration of 'scanf'
     1>d:\_research\projects\statistical_testing\batteries diehard nist testu01\nist sts\nist\src\utilities.c(46): warning C4996: 'scanf': This function or variable may be unsafe. Consider using scanf_s instead. To disable deprecation, use _CRT_SECURE_NO_WARNINGS. See online help for details.
                 c:\program files (x86)\microsoft visual studio 12.0\vc\include\stdio.h(283) : see declaration of 'scanf'
     1>d:\_research\projects\statistical_testing\batteries diehard nist testu01\nist sts\nist\src\utilities.c(49): warning C4996: 'sprintf': This function or variable may be unsafe. Consider using sprintf_s instead. To disable deprecation, use _CRT_SECURE_NO_WARNINGS. See online help for details.
                 c:\program files (x86)\microsoft visual studio 12.0\vc\include\stdio.h(356) : see declaration of 'sprintf'
     1>d:\_research\projects\statistical_testing\batteries diehard nist testu01\nist sts\nist\src\utilities.c(51): warning C4996: 'fopen': This function or variable may be unsafe. Consider using fopen_s instead. To disable deprecation, use _CRT_SECURE_NO_WARNINGS. See online help for details.
                 c:\program files (x86)\microsoft visual studio 12.0\vc\include\stdio.h(211) : see declaration of 'fopen'
     1>d:\_research\projects\statistical_testing\batteries diehard nist testu01\nist sts\nist\src\utilities.c(119): warning C4996: 'scanf': This function or variable may be unsafe. Consider using scanf_s instead. To disable deprecation, use _CRT_SECURE_NO_WARNINGS. See online help for details.
                 c:\program files (x86)\microsoft visual studio 12.0\vc\include\stdio.h(283) : see declaration of 'scanf'
     1>d:\_research\projects\statistical_testing\batteries diehard nist testu01\nist sts\nist\src\utilities.c(132): warning C4996: 'scanf': This function or variable may be unsafe. Consider using scanf_s instead. To disable deprecation, use _CRT_SECURE_NO_WARNINGS. See online help for details.
                 c:\program files (x86)\microsoft visual studio 12.0\vc\include\stdio.h(283) : see declaration of 'scanf'
     1>d:\_research\projects\statistical_testing\batteries diehard nist testu01\nist sts\nist\src\utilities.c(167): warning C4996: 'scanf': This function or variable may be unsafe. Consider using scanf_s instead. To disable deprecation, use _CRT_SECURE_NO_WARNINGS. See online help for details.
                 c:\program files (x86)\microsoft visual studio 12.0\vc\include\stdio.h(283) : see declaration of 'scanf'
     1>d:\_research\projects\statistical_testing\batteries diehard nist testu01\nist sts\nist\src\utilities.c(175): warning C4996: 'scanf': This function or variable may be unsafe. Consider using scanf_s instead. To disable deprecation, use _CRT_SECURE_NO_WARNINGS. See online help for details.
                 c:\program files (x86)\microsoft visual studio 12.0\vc\include\stdio.h(283) : see declaration of 'scanf'
     1>d:\_research\projects\statistical_testing\batteries diehard nist testu01\nist sts\nist\src\utilities.c(184): warning C4996: 'scanf': This function or variable may be unsafe. Consider using scanf_s instead. To disable deprecation, use _CRT_SECURE_NO_WARNINGS. See online help for details.
                 c:\program files (x86)\microsoft visual studio 12.0\vc\include\stdio.h(283) : see declaration of 'scanf'
     1>d:\_research\projects\statistical_testing\batteries diehard nist testu01\nist sts\nist\src\utilities.c(193): warning C4996: 'scanf': This function or variable may be unsafe. Consider using scanf_s instead. To disable deprecation, use _CRT_SECURE_NO_WARNINGS. See online help for details.
                 c:\program files (x86)\microsoft visual studio 12.0\vc\include\stdio.h(283) : see declaration of 'scanf'
     1>d:\_research\projects\statistical_testing\batteries diehard nist testu01\nist sts\nist\src\utilities.c(202): warning C4996: 'scanf': This function or variable may be unsafe. Consider using scanf_s instead. To disable deprecation, use _CRT_SECURE_NO_WARNINGS. See online help for details.
                 c:\program files (x86)\microsoft visual studio 12.0\vc\include\stdio.h(283) : see declaration of 'scanf'
     1>d:\_research\projects\statistical_testing\batteries diehard nist testu01\nist sts\nist\src\utilities.c(211): warning C4996: 'scanf': This function or variable may be unsafe. Consider using scanf_s instead. To disable deprecation, use _CRT_SECURE_NO_WARNINGS. See online help for details.
                 c:\program files (x86)\microsoft visual studio 12.0\vc\include\stdio.h(283) : see declaration of 'scanf'
     1>d:\_research\projects\statistical_testing\batteries diehard nist testu01\nist sts\nist\src\utilities.c(220): warning C4996: 'scanf': This function or variable may be unsafe. Consider using scanf_s instead. To disable deprecation, use _CRT_SECURE_NO_WARNINGS. See online help for details.
                 c:\program files (x86)\microsoft visual studio 12.0\vc\include\stdio.h(283) : see declaration of 'scanf'
     1>d:\_research\projects\statistical_testing\batteries diehard nist testu01\nist sts\nist\src\utilities.c(239): warning C4996: 'scanf': This function or variable may be unsafe. Consider using scanf_s instead. To disable deprecation, use _CRT_SECURE_NO_WARNINGS. See online help for details.
                 c:\program files (x86)\microsoft visual studio 12.0\vc\include\stdio.h(283) : see declaration of 'scanf'
     1>d:\_research\projects\statistical_testing\batteries diehard nist testu01\nist sts\nist\src\utilities.c(242): warning C4996: 'fopen': This function or variable may be unsafe. Consider using fopen_s instead. To disable deprecation, use _CRT_SECURE_NO_WARNINGS. See online help for details.
                 c:\program files (x86)\microsoft visual studio 12.0\vc\include\stdio.h(211) : see declaration of 'fopen'
     1>d:\_research\projects\statistical_testing\batteries diehard nist testu01\nist sts\nist\src\utilities.c(250): warning C4996: 'fopen': This function or variable may be unsafe. Consider using fopen_s instead. To disable deprecation, use _CRT_SECURE_NO_WARNINGS. See online help for details.
                 c:\program files (x86)\microsoft visual studio 12.0\vc\include\stdio.h(211) : see declaration of 'fopen'
     1>d:\_research\projects\statistical_testing\batteries diehard nist testu01\nist sts\nist\src\utilities.c(276): warning C4996: 'fscanf': This function or variable may be unsafe. Consider using fscanf_s instead. To disable deprecation, use _CRT_SECURE_NO_WARNINGS. See online help for details.
                 c:\program files (x86)\microsoft visual studio 12.0\vc\include\stdio.h(230) : see declaration of 'fscanf'
     1>d:\_research\projects\statistical_testing\batteries diehard nist testu01\nist sts\nist\src\utilities.c(426): warning C4996: 'sprintf': This function or variable may be unsafe. Consider using sprintf_s instead. To disable deprecation, use _CRT_SECURE_NO_WARNINGS. See online help for details.
                 c:\program files (x86)\microsoft visual studio 12.0\vc\include\stdio.h(356) : see declaration of 'sprintf'
     1>d:\_research\projects\statistical_testing\batteries diehard nist testu01\nist sts\nist\src\utilities.c(427): warning C4996: 'fopen': This function or variable may be unsafe. Consider using fopen_s instead. To disable deprecation, use _CRT_SECURE_NO_WARNINGS. See online help for details.
                 c:\program files (x86)\microsoft visual studio 12.0\vc\include\stdio.h(211) : see declaration of 'fopen'
     1>d:\_research\projects\statistical_testing\batteries diehard nist testu01\nist sts\nist\src\utilities.c(431): warning C4996: 'sprintf': This function or variable may be unsafe. Consider using sprintf_s instead. To disable deprecation, use _CRT_SECURE_NO_WARNINGS. See online help for details.
                 c:\program files (x86)\microsoft visual studio 12.0\vc\include\stdio.h(356) : see declaration of 'sprintf'
     1>d:\_research\projects\statistical_testing\batteries diehard nist testu01\nist sts\nist\src\utilities.c(432): warning C4996: 'fopen': This function or variable may be unsafe. Consider using fopen_s instead. To disable deprecation, use _CRT_SECURE_NO_WARNINGS. See online help for details.
                 c:\program files (x86)\microsoft visual studio 12.0\vc\include\stdio.h(211) : see declaration of 'fopen'
     1>d:\_research\projects\statistical_testing\batteries diehard nist testu01\nist sts\nist\src\utilities.c(439): warning C4996: 'sprintf': This function or variable may be unsafe. Consider using sprintf_s instead. To disable deprecation, use _CRT_SECURE_NO_WARNINGS. See online help for details.
                 c:\program files (x86)\microsoft visual studio 12.0\vc\include\stdio.h(356) : see declaration of 'sprintf'
     1>d:\_research\projects\statistical_testing\batteries diehard nist testu01\nist sts\nist\src\utilities.c(440): warning C4996: 'sprintf': This function or variable may be unsafe. Consider using sprintf_s instead. To disable deprecation, use _CRT_SECURE_NO_WARNINGS. See online help for details.
                 c:\program files (x86)\microsoft visual studio 12.0\vc\include\stdio.h(356) : see declaration of 'sprintf'
     1>d:\_research\projects\statistical_testing\batteries diehard nist testu01\nist sts\nist\src\utilities.c(441): warning C4996: 'fopen': This function or variable may be unsafe. Consider using fopen_s instead. To disable deprecation, use _CRT_SECURE_NO_WARNINGS. See online help for details.
                 c:\program files (x86)\microsoft visual studio 12.0\vc\include\stdio.h(211) : see declaration of 'fopen'
     1>d:\_research\projects\statistical_testing\batteries diehard nist testu01\nist sts\nist\src\utilities.c(449): warning C4996: 'fopen': This function or variable may be unsafe. Consider using fopen_s instead. To disable deprecation, use _CRT_SECURE_NO_WARNINGS. See online help for details.
                 c:\program files (x86)\microsoft visual studio 12.0\vc\include\stdio.h(211) : see declaration of 'fopen'
     1>d:\_research\projects\statistical_testing\batteries diehard nist testu01\nist sts\nist\src\utilities.c(460): warning C4996: 'scanf': This function or variable may be unsafe. Consider using scanf_s instead. To disable deprecation, use _CRT_SECURE_NO_WARNINGS. See online help for details.
                 c:\program files (x86)\microsoft visual studio 12.0\vc\include\stdio.h(283) : see declaration of 'scanf'
         universal.c
     1>d:\_research\projects\statistical_testing\batteries diehard nist testu01\nist sts\nist\include\erf.h(12): warning C4273: 'erf' : inconsistent dll linkage
                 c:\program files (x86)\microsoft visual studio 12.0\vc\include\math.h(486) : see previous definition of 'erf'
     1>d:\_research\projects\statistical_testing\batteries diehard nist testu01\nist sts\nist\include\erf.h(13): warning C4273: 'erfc' : inconsistent dll linkage
                 c:\program files (x86)\microsoft visual studio 12.0\vc\include\math.h(487) : see previous definition of 'erfc'
         tools.c
     1>d:\_research\projects\statistical_testing\batteries diehard nist testu01\nist sts\nist\src\tools.c(166): warning C4101: 'val1' : unreferenced local variable
     1>d:\_research\projects\statistical_testing\batteries diehard nist testu01\nist sts\nist\src\tools.c(196): warning C4101: 'k' : unreferenced local variable
     1>d:\_research\projects\statistical_testing\batteries diehard nist testu01\nist sts\nist\src\tools.c(246): warning C4133: '=' : incompatible types - from 'unsigned char *' to 'unsigned int *'
     1>d:\_research\projects\statistical_testing\batteries diehard nist testu01\nist sts\nist\src\tools.c(247): warning C4133: '=' : incompatible types - from 'unsigned char *' to 'unsigned int *'
     1>d:\_research\projects\statistical_testing\batteries diehard nist testu01\nist sts\nist\src\tools.c(248): warning C4133: '=' : incompatible types - from 'unsigned char *' to 'unsigned int *'
     1>d:\_research\projects\statistical_testing\batteries diehard nist testu01\nist sts\nist\src\tools.c(249): warning C4133: '=' : incompatible types - from 'unsigned char *' to 'unsigned int *'
         serial.c
         runs.c
     1>d:\_research\projects\statistical_testing\batteries diehard nist testu01\nist sts\nist\include\erf.h(12): warning C4273: 'erf' : inconsistent dll linkage
                 c:\program files (x86)\microsoft visual studio 12.0\vc\include\math.h(486) : see previous definition of 'erf'
     1>d:\_research\projects\statistical_testing\batteries diehard nist testu01\nist sts\nist\include\erf.h(13): warning C4273: 'erfc' : inconsistent dll linkage
                 c:\program files (x86)\microsoft visual studio 12.0\vc\include\math.h(487) : see previous definition of 'erfc'
     1>d:\_research\projects\statistical_testing\batteries diehard nist testu01\nist sts\nist\src\runs.c(419): warning C4133: '=' : incompatible types - from 'unsigned char *' to 'unsigned __int64 *'
     1>d:\_research\projects\statistical_testing\batteries diehard nist testu01\nist sts\nist\src\runs.c(373): warning C4101: 'val2' : unreferenced local variable
     1>d:\_research\projects\statistical_testing\batteries diehard nist testu01\nist sts\nist\src\runs.c(359): warning C4101: 'k' : unreferenced local variable
     1>d:\_research\projects\statistical_testing\batteries diehard nist testu01\nist sts\nist\src\runs.c(373): warning C4101: 'val1' : unreferenced local variable
     1>d:\_research\projects\statistical_testing\batteries diehard nist testu01\nist sts\nist\src\runs.c(359): warning C4101: 'diff' : unreferenced local variable
         rank.c
         randomExcursionsVariant.c
     1>d:\_research\projects\statistical_testing\batteries diehard nist testu01\nist sts\nist\include\erf.h(12): warning C4273: 'erf' : inconsistent dll linkage
                 c:\program files (x86)\microsoft visual studio 12.0\vc\include\math.h(486) : see previous definition of 'erf'
     1>d:\_research\projects\statistical_testing\batteries diehard nist testu01\nist sts\nist\include\erf.h(13): warning C4273: 'erfc' : inconsistent dll linkage
                 c:\program files (x86)\microsoft visual studio 12.0\vc\include\math.h(487) : see previous definition of 'erfc'
         randomExcursions.c
         overlappingTemplateMatchings.c
     1>d:\_research\projects\statistical_testing\batteries diehard nist testu01\nist sts\nist\src\overlappingtemplatematchings.c(350): warning C4101: 'bit_ind' : unreferenced local variable
         nonOverlappingTemplateMatchings.c
     1>d:\_research\projects\statistical_testing\batteries diehard nist testu01\nist sts\nist\src\nonoverlappingtemplatematchings.c(46): warning C4996: 'sprintf': This function or variable may be unsafe. Consider using sprintf_s instead. To disable deprecation, use _CRT_SECURE_NO_WARNINGS. See online help for details.
                 c:\program files (x86)\microsoft visual studio 12.0\vc\include\stdio.h(356) : see declaration of 'sprintf'
     1>d:\_research\projects\statistical_testing\batteries diehard nist testu01\nist sts\nist\src\nonoverlappingtemplatematchings.c(50): warning C4996: 'fopen': This function or variable may be unsafe. Consider using fopen_s instead. To disable deprecation, use _CRT_SECURE_NO_WARNINGS. See online help for details.
                 c:\program files (x86)\microsoft visual studio 12.0\vc\include\stdio.h(211) : see declaration of 'fopen'
     1>d:\_research\projects\statistical_testing\batteries diehard nist testu01\nist sts\nist\src\nonoverlappingtemplatematchings.c(113): warning C4996: 'fscanf': This function or variable may be unsafe. Consider using fscanf_s instead. To disable deprecation, use _CRT_SECURE_NO_WARNINGS. See online help for details.
                 c:\program files (x86)\microsoft visual studio 12.0\vc\include\stdio.h(230) : see declaration of 'fscanf'
     1>d:\_research\projects\statistical_testing\batteries diehard nist testu01\nist sts\nist\src\nonoverlappingtemplatematchings.c(304): warning C4996: 'sprintf': This function or variable may be unsafe. Consider using sprintf_s instead. To disable deprecation, use _CRT_SECURE_NO_WARNINGS. See online help for details.
                 c:\program files (x86)\microsoft visual studio 12.0\vc\include\stdio.h(356) : see declaration of 'sprintf'
     1>d:\_research\projects\statistical_testing\batteries diehard nist testu01\nist sts\nist\src\nonoverlappingtemplatematchings.c(309): warning C4996: 'fopen': This function or variable may be unsafe. Consider using fopen_s instead. To disable deprecation, use _CRT_SECURE_NO_WARNINGS. See online help for details.
                 c:\program files (x86)\microsoft visual studio 12.0\vc\include\stdio.h(211) : see declaration of 'fopen'
     1>d:\_research\projects\statistical_testing\batteries diehard nist testu01\nist sts\nist\src\nonoverlappingtemplatematchings.c(369): warning C4996: 'fscanf': This function or variable may be unsafe. Consider using fscanf_s instead. To disable deprecation, use _CRT_SECURE_NO_WARNINGS. See online help for details.
                 c:\program files (x86)\microsoft visual studio 12.0\vc\include\stdio.h(230) : see declaration of 'fscanf'
     1>d:\_research\projects\statistical_testing\batteries diehard nist testu01\nist sts\nist\src\nonoverlappingtemplatematchings.c(570): warning C4996: 'sprintf': This function or variable may be unsafe. Consider using sprintf_s instead. To disable deprecation, use _CRT_SECURE_NO_WARNINGS. See online help for details.
                 c:\program files (x86)\microsoft visual studio 12.0\vc\include\stdio.h(356) : see declaration of 'sprintf'
     1>d:\_research\projects\statistical_testing\batteries diehard nist testu01\nist sts\nist\src\nonoverlappingtemplatematchings.c(571): warning C4996: 'fopen': This function or variable may be unsafe. Consider using fopen_s instead. To disable deprecation, use _CRT_SECURE_NO_WARNINGS. See online help for details.
                 c:\program files (x86)\microsoft visual studio 12.0\vc\include\stdio.h(211) : see declaration of 'fopen'
     1>d:\_research\projects\statistical_testing\batteries diehard nist testu01\nist sts\nist\src\nonoverlappingtemplatematchings.c(575): warning C4996: 'fopen': This function or variable may be unsafe. Consider using fopen_s instead. To disable deprecation, use _CRT_SECURE_NO_WARNINGS. See online help for details.
                 c:\program files (x86)\microsoft visual studio 12.0\vc\include\stdio.h(211) : see declaration of 'fopen'
     1>d:\_research\projects\statistical_testing\batteries diehard nist testu01\nist sts\nist\src\nonoverlappingtemplatematchings.c(637): warning C4996: 'fscanf': This function or variable may be unsafe. Consider using fscanf_s instead. To disable deprecation, use _CRT_SECURE_NO_WARNINGS. See online help for details.
                 c:\program files (x86)\microsoft visual studio 12.0\vc\include\stdio.h(230) : see declaration of 'fscanf'
     1>d:\_research\projects\statistical_testing\batteries diehard nist testu01\nist sts\nist\src\nonoverlappingtemplatematchings.c(509): warning C4101: 'bit_ind' : unreferenced local variable
     1>d:\_research\projects\statistical_testing\batteries diehard nist testu01\nist sts\nist\src\nonoverlappingtemplatematchings.c(508): warning C4101: 'window' : unreferenced local variable
         matrix.c
         main-correctness.c
     1>d:\_research\projects\statistical_testing\batteries diehard nist testu01\nist sts\nist\src\main-correctness.c(15): warning C4142: benign redefinition of type
     1>d:\_research\projects\statistical_testing\batteries diehard nist testu01\nist sts\nist\src\main-correctness.c(15): warning C4028: formal parameter 1 different from declaration
     1>d:\_research\projects\statistical_testing\batteries diehard nist testu01\nist sts\nist\src\main-correctness.c(15): warning C4273: 'log2' : inconsistent dll linkage
                 c:\program files (x86)\microsoft visual studio 12.0\vc\include\math.h(504) : see previous definition of 'log2'
     1>d:\_research\projects\statistical_testing\batteries diehard nist testu01\nist sts\nist\src\main-correctness.c(891): warning C4013: 'ApproximateEntropy4' undefined; assuming extern returning int
         LUTs.c
         longestRunOfOnes.c
         linearComplexity.c
         genutils.c
         generators.c
         frequency.c
     1>d:\_research\projects\statistical_testing\batteries diehard nist testu01\nist sts\nist\include\erf.h(12): warning C4273: 'erf' : inconsistent dll linkage
                 c:\program files (x86)\microsoft visual studio 12.0\vc\include\math.h(486) : see previous definition of 'erf'
     1>d:\_research\projects\statistical_testing\batteries diehard nist testu01\nist sts\nist\include\erf.h(13): warning C4273: 'erfc' : inconsistent dll linkage
                 c:\program files (x86)\microsoft visual studio 12.0\vc\include\math.h(487) : see previous definition of 'erfc'
         erf.c
     1>d:\_research\projects\statistical_testing\batteries diehard nist testu01\nist sts\nist\include\erf.h(12): warning C4273: 'erf' : inconsistent dll linkage
                 c:\program files (x86)\microsoft visual studio 12.0\vc\include\math.h(486) : see previous definition of 'erf'
     1>d:\_research\projects\statistical_testing\batteries diehard nist testu01\nist sts\nist\include\erf.h(13): warning C4273: 'erfc' : inconsistent dll linkage
                 c:\program files (x86)\microsoft visual studio 12.0\vc\include\math.h(487) : see previous definition of 'erfc'
         discreteFourierTransform.c
     1>d:\_research\projects\statistical_testing\batteries diehard nist testu01\nist sts\nist\include\erf.h(12): warning C4273: 'erf' : inconsistent dll linkage
                 c:\program files (x86)\microsoft visual studio 12.0\vc\include\math.h(486) : see previous definition of 'erf'
     1>d:\_research\projects\statistical_testing\batteries diehard nist testu01\nist sts\nist\include\erf.h(13): warning C4273: 'erfc' : inconsistent dll linkage
                 c:\program files (x86)\microsoft visual studio 12.0\vc\include\math.h(487) : see previous definition of 'erfc'
         Generating Code...
         Compiling...
         dfft.c
         cusum.c
         cephes.c
     1>d:\_research\projects\statistical_testing\batteries diehard nist testu01\nist sts\nist\include\erf.h(12): warning C4273: 'erf' : inconsistent dll linkage
                 c:\program files (x86)\microsoft visual studio 12.0\vc\include\math.h(486) : see previous definition of 'erf'
     1>d:\_research\projects\statistical_testing\batteries diehard nist testu01\nist sts\nist\include\erf.h(13): warning C4273: 'erfc' : inconsistent dll linkage
                 c:\program files (x86)\microsoft visual studio 12.0\vc\include\math.h(487) : see previous definition of 'erfc'
         BMA.c
     1>d:\_research\projects\statistical_testing\batteries diehard nist testu01\nist sts\nist\src\bma.c(47): warning C4146: unary minus operator applied to unsigned type, result still unsigned
         BM.c
         blockFrequency.c
         assess.c
     1>d:\_research\projects\statistical_testing\batteries diehard nist testu01\nist sts\nist\src\assess.c(136): warning C4996: 'sprintf': This function or variable may be unsafe. Consider using sprintf_s instead. To disable deprecation, use _CRT_SECURE_NO_WARNINGS. See online help for details.
                 c:\program files (x86)\microsoft visual studio 12.0\vc\include\stdio.h(356) : see declaration of 'sprintf'
     1>d:\_research\projects\statistical_testing\batteries diehard nist testu01\nist sts\nist\src\assess.c(138): warning C4996: 'fopen': This function or variable may be unsafe. Consider using fopen_s instead. To disable deprecation, use _CRT_SECURE_NO_WARNINGS. See online help for details.
                 c:\program files (x86)\microsoft visual studio 12.0\vc\include\stdio.h(211) : see declaration of 'fopen'
     1>d:\_research\projects\statistical_testing\batteries diehard nist testu01\nist sts\nist\src\assess.c(146): warning C4996: 'sprintf': This function or variable may be unsafe. Consider using sprintf_s instead. To disable deprecation, use _CRT_SECURE_NO_WARNINGS. See online help for details.
                 c:\program files (x86)\microsoft visual studio 12.0\vc\include\stdio.h(356) : see declaration of 'sprintf'
     1>d:\_research\projects\statistical_testing\batteries diehard nist testu01\nist sts\nist\src\assess.c(148): warning C4996: 'sprintf': This function or variable may be unsafe. Consider using sprintf_s instead. To disable deprecation, use _CRT_SECURE_NO_WARNINGS. See online help for details.
                 c:\program files (x86)\microsoft visual studio 12.0\vc\include\stdio.h(356) : see declaration of 'sprintf'
     1>d:\_research\projects\statistical_testing\batteries diehard nist testu01\nist sts\nist\src\assess.c(150): warning C4996: 'sprintf': This function or variable may be unsafe. Consider using sprintf_s instead. To disable deprecation, use _CRT_SECURE_NO_WARNINGS. See online help for details.
                 c:\program files (x86)\microsoft visual studio 12.0\vc\include\stdio.h(356) : see declaration of 'sprintf'
     1>d:\_research\projects\statistical_testing\batteries diehard nist testu01\nist sts\nist\src\assess.c(157): warning C4996: 'fopen': This function or variable may be unsafe. Consider using fopen_s instead. To disable deprecation, use _CRT_SECURE_NO_WARNINGS. See online help for details.
                 c:\program files (x86)\microsoft visual studio 12.0\vc\include\stdio.h(211) : see declaration of 'fopen'
     1>d:\_research\projects\statistical_testing\batteries diehard nist testu01\nist sts\nist\src\assess.c(173): warning C4996: 'fopen': This function or variable may be unsafe. Consider using fopen_s instead. To disable deprecation, use _CRT_SECURE_NO_WARNINGS. See online help for details.
                 c:\program files (x86)\microsoft visual studio 12.0\vc\include\stdio.h(211) : see declaration of 'fopen'
     1>d:\_research\projects\statistical_testing\batteries diehard nist testu01\nist sts\nist\src\assess.c(181): warning C4996: 'fscanf': This function or variable may be unsafe. Consider using fscanf_s instead. To disable deprecation, use _CRT_SECURE_NO_WARNINGS. See online help for details.
                 c:\program files (x86)\microsoft visual studio 12.0\vc\include\stdio.h(230) : see declaration of 'fscanf'
     1>d:\_research\projects\statistical_testing\batteries diehard nist testu01\nist sts\nist\src\assess.c(234): warning C4996: 'sprintf': This function or variable may be unsafe. Consider using sprintf_s instead. To disable deprecation, use _CRT_SECURE_NO_WARNINGS. See online help for details.
                 c:\program files (x86)\microsoft visual studio 12.0\vc\include\stdio.h(356) : see declaration of 'sprintf'
     1>d:\_research\projects\statistical_testing\batteries diehard nist testu01\nist sts\nist\src\assess.c(236): warning C4996: 'sprintf': This function or variable may be unsafe. Consider using sprintf_s instead. To disable deprecation, use _CRT_SECURE_NO_WARNINGS. See online help for details.
                 c:\program files (x86)\microsoft visual studio 12.0\vc\include\stdio.h(356) : see declaration of 'sprintf'
     1>d:\_research\projects\statistical_testing\batteries diehard nist testu01\nist sts\nist\src\assess.c(238): warning C4996: 'sprintf': This function or variable may be unsafe. Consider using sprintf_s instead. To disable deprecation, use _CRT_SECURE_NO_WARNINGS. See online help for details.
                 c:\program files (x86)\microsoft visual studio 12.0\vc\include\stdio.h(356) : see declaration of 'sprintf'
     1>d:\_research\projects\statistical_testing\batteries diehard nist testu01\nist sts\nist\src\assess.c(246): warning C4996: 'sprintf': This function or variable may be unsafe. Consider using sprintf_s instead. To disable deprecation, use _CRT_SECURE_NO_WARNINGS. See online help for details.
                 c:\program files (x86)\microsoft visual studio 12.0\vc\include\stdio.h(356) : see declaration of 'sprintf'
     1>d:\_research\projects\statistical_testing\batteries diehard nist testu01\nist sts\nist\src\assess.c(298): warning C4996: 'fopen': This function or variable may be unsafe. Consider using fopen_s instead. To disable deprecation, use _CRT_SECURE_NO_WARNINGS. See online help for details.
                 c:\program files (x86)\microsoft visual studio 12.0\vc\include\stdio.h(211) : see declaration of 'fopen'
     1>d:\_research\projects\statistical_testing\batteries diehard nist testu01\nist sts\nist\src\assess.c(320): warning C4996: 'fscanf': This function or variable may be unsafe. Consider using fscanf_s instead. To disable deprecation, use _CRT_SECURE_NO_WARNINGS. See online help for details.
                 c:\program files (x86)\microsoft visual studio 12.0\vc\include\stdio.h(230) : see declaration of 'fscanf'
     1>d:\_research\projects\statistical_testing\batteries diehard nist testu01\nist sts\nist\src\assess.c(346): warning C4996: 'fscanf': This function or variable may be unsafe. Consider using fscanf_s instead. To disable deprecation, use _CRT_SECURE_NO_WARNINGS. See online help for details.
                 c:\program files (x86)\microsoft visual studio 12.0\vc\include\stdio.h(230) : see declaration of 'fscanf'
         approximateEntropy.c
         Generating Code...
       Link:
         C:\Program Files (x86)\Microsoft Visual Studio 12.0\VC\bin\link.exe /ERRORREPORT:PROMPT /OUT:"D:\_Research\Projects\Statistical_testing\Batteries DIEHARD NIST TESTU01\NIST STS\NIST\Debug\NIST.exe" /INCREMENTAL /NOLOGO kernel32.lib user32.lib gdi32.lib winspool.lib comdlg32.lib advapi32.lib shell32.lib ole32.lib oleaut32.lib uuid.lib odbc32.lib odbccp32.lib /MANIFEST /MANIFESTUAC:"level='asInvoker' uiAccess='false'" /manifest:embed /DEBUG /PDB:"D:\_Research\Projects\Statistical_testing\Batteries DIEHARD NIST TESTU01\NIST STS\NIST\Debug\NIST.pdb" /SUBSYSTEM:CONSOLE /TLBID:1 /DYNAMICBASE /NXCOMPAT /IMPLIB:"D:\_Research\Projects\Statistical_testing\Batteries DIEHARD NIST TESTU01\NIST STS\NIST\Debug\NIST.lib" /MACHINE:X86 Debug\approximateEntropy.obj
         Debug\assess.obj
         Debug\blockFrequency.obj
         Debug\BM.obj
         Debug\BMA.obj
         Debug\cephes.obj
         Debug\cusum.obj
         Debug\dfft.obj
         Debug\discreteFourierTransform.obj
         Debug\erf.obj
         Debug\frequency.obj
         Debug\generators.obj
         Debug\genutils.obj
         Debug\linearComplexity.obj
         Debug\longestRunOfOnes.obj
         Debug\LUTs.obj
         "Debug\main-correctness.obj"
         Debug\matrix.obj
         Debug\nonOverlappingTemplateMatchings.obj
         Debug\overlappingTemplateMatchings.obj
         Debug\randomExcursions.obj
         Debug\randomExcursionsVariant.obj
         Debug\rank.obj
         Debug\runs.obj
         Debug\serial.obj
         Debug\tools.obj
         Debug\universal.obj
         Debug\utilities.obj
         "..\src\fft64\libfftw3-3.lib"
            Creating library D:\_Research\Projects\Statistical_testing\Batteries DIEHARD NIST TESTU01\NIST STS\NIST\Debug\NIST.lib and object D:\_Research\Projects\Statistical_testing\Batteries DIEHARD NIST TESTU01\NIST STS\NIST\Debug\NIST.exp
     1>discreteFourierTransform.obj : error LNK2019: unresolved external symbol __imp__fftw_execute referenced in function _DiscreteFourierTransform3
     1>discreteFourierTransform.obj : error LNK2019: unresolved external symbol __imp__fftw_plan_dft_1d referenced in function _DiscreteFourierTransform3
     1>discreteFourierTransform.obj : error LNK2019: unresolved external symbol __imp__fftw_plan_dft_r2c_1d referenced in function _DiscreteFourierTransform4
     1>discreteFourierTransform.obj : error LNK2019: unresolved external symbol __imp__fftw_destroy_plan referenced in function _DiscreteFourierTransform3
     1>discreteFourierTransform.obj : error LNK2019: unresolved external symbol __imp__fftw_malloc referenced in function _DiscreteFourierTransform3
     1>discreteFourierTransform.obj : error LNK2019: unresolved external symbol __imp__fftw_free referenced in function _DiscreteFourierTransform3
     1>D:\_Research\Projects\Statistical_testing\Batteries DIEHARD NIST TESTU01\NIST STS\NIST\Debug\NIST.exe : fatal error LNK1120: 6 unresolved externals
     1>Done Building Project "D:\_Research\Projects\Statistical_testing\Batteries DIEHARD NIST TESTU01\NIST STS\NIST\NIST\NIST.vcxproj" (Build target(s)) -- FAILED.

Build FAILED.

Time Elapsed 00:00:01.97
